<?xml version="1.0" encoding="UTF-8"?>
<testng-results skipped="0" failed="0" ignored="0" total="1" passed="1">
  <reporter-output>
  </reporter-output>
  <suite name="Default suite" duration-ms="46878" started-at="2021-02-11T11:29:53 ART" finished-at="2021-02-11T11:30:40 ART">
    <groups>
    </groups>
    <test name="Default test" duration-ms="46878" started-at="2021-02-11T11:29:53 ART" finished-at="2021-02-11T11:30:40 ART">
      <class name="pruebas.ModificarSolicitudVCTest">
        <test-method status="PASS" signature="setUp()[pri:0, instance:pruebas.ModificarSolicitudVCTest@36b4cef0]" name="setUp" is-config="true" duration-ms="14433" started-at="2021-02-11T11:29:38 ART" finished-at="2021-02-11T11:29:53 ART">
          <reporter-output>
          </reporter-output>
        </test-method> <!-- setUp -->
        <test-method status="PASS" signature="modificarVC(java.lang.String, java.lang.String, java.lang.String, java.lang.String, java.lang.String, java.lang.String, java.lang.String, java.lang.String, java.lang.String, java.lang.String, java.lang.String, java.lang.String, java.lang.String, java.lang.String, java.lang.String, java.lang.String, java.lang.String, java.lang.String, java.lang.String, java.lang.String, java.lang.String, java.lang.String, java.lang.String, java.lang.String, java.lang.String, java.lang.String, java.lang.String)[pri:0, instance:pruebas.ModificarSolicitudVCTest@36b4cef0]" name="modificarVC" duration-ms="46830" started-at="2021-02-11T11:29:53 ART" data-provider="Modificar VC" finished-at="2021-02-11T11:30:40 ART">
          <params>
            <param index="0">
              <value>
                <![CDATA[3152]]>
              </value>
            </param>
            <param index="1">
              <value>
                <![CDATA[11/02/2021]]>
              </value>
            </param>
            <param index="2">
              <value>
                <![CDATA[11/02/2021]]>
              </value>
            </param>
            <param index="3">
              <value>
                <![CDATA[PEHUEN PANGLIONE]]>
              </value>
            </param>
            <param index="4">
              <value>
                <![CDATA[]]>
              </value>
            </param>
            <param index="5">
              <value>
                <![CDATA[PENDIENTE DE ENVIO]]>
              </value>
            </param>
            <param index="6">
              <value>
                <![CDATA[]]>
              </value>
            </param>
            <param index="7">
              <value>
                <![CDATA[]]>
              </value>
            </param>
            <param index="8">
              <value>
                <![CDATA[VIDA COLECTIVO EMPLEADOS]]>
              </value>
            </param>
            <param index="9">
              <value>
                <![CDATA[]]>
              </value>
            </param>
            <param index="10">
              <value>
                <![CDATA[ARGENTINO]]>
              </value>
            </param>
            <param index="11">
              <value>
                <![CDATA[CASADO]]>
              </value>
            </param>
            <param index="12">
              <value>
                <![CDATA[12/03/1990]]>
              </value>
            </param>
            <param index="13">
              <value>
                <![CDATA[Migueletes]]>
              </value>
            </param>
            <param index="14">
              <value>
                <![CDATA[1889]]>
              </value>
            </param>
            <param index="15">
              <value>
                <![CDATA[2]]>
              </value>
            </param>
            <param index="16">
              <value>
                <![CDATA[A]]>
              </value>
            </param>
            <param index="17">
              <value>
                <![CDATA[BELGRANO]]>
              </value>
            </param>
            <param index="18">
              <value>
                <![CDATA[1428]]>
              </value>
            </param>
            <param index="19">
              <value>
                <![CDATA[ACTOR]]>
              </value>
            </param>
            <param index="20">
              <value>
                <![CDATA[mail@correo.com]]>
              </value>
            </param>
            <param index="21">
              <value>
                <![CDATA[01144559933]]>
              </value>
            </param>
            <param index="22">
              <value>
                <![CDATA[0111544007722]]>
              </value>
            </param>
            <param index="23">
              <value>
                <![CDATA[No]]>
              </value>
            </param>
            <param index="24">
              <value>
                <![CDATA[No]]>
              </value>
            </param>
            <param index="25">
              <value>
                <![CDATA[VISA]]>
              </value>
            </param>
            <param index="26">
              <value>
                <![CDATA[5544332277668899]]>
              </value>
            </param>
          </params>
          <reporter-output>
          </reporter-output>
        </test-method> <!-- modificarVC -->
      </class> <!-- pruebas.ModificarSolicitudVCTest -->
    </test> <!-- Default test -->
  </suite> <!-- Default suite -->
</testng-results>
