<?xml version="1.0" encoding="UTF-8"?>
<testng-results skipped="0" failed="0" ignored="0" total="1" passed="1">
  <reporter-output>
  </reporter-output>
  <suite name="Default suite" duration-ms="29959" started-at="2021-02-01T14:29:12 ART" finished-at="2021-02-01T14:29:42 ART">
    <groups>
    </groups>
    <test name="Default test" duration-ms="29959" started-at="2021-02-01T14:29:12 ART" finished-at="2021-02-01T14:29:42 ART">
      <class name="pruebas.VerHistorialRegistrosPolizaColectivaTest">
        <test-method status="PASS" signature="setUp()[pri:0, instance:pruebas.VerHistorialRegistrosPolizaColectivaTest@36b4cef0]" name="setUp" is-config="true" duration-ms="17186" started-at="2021-02-01T14:28:55 ART" finished-at="2021-02-01T14:29:12 ART">
          <reporter-output>
          </reporter-output>
        </test-method> <!-- setUp -->
        <test-method status="PASS" signature="verHistorialRegistrosPolizaColectiva(java.lang.String, java.lang.String, java.lang.String, java.lang.String, java.lang.String, java.lang.String, java.lang.String, java.lang.String, java.lang.String)[pri:0, instance:pruebas.VerHistorialRegistrosPolizaColectivaTest@36b4cef0]" name="verHistorialRegistrosPolizaColectiva" duration-ms="29896" started-at="2021-02-01T14:29:12 ART" data-provider="Historial Registros Poliza Colectiva" finished-at="2021-02-01T14:29:42 ART">
          <params>
            <param index="0">
              <value>
                <![CDATA[1001089]]>
              </value>
            </param>
            <param index="1">
              <value>
                <![CDATA[]]>
              </value>
            </param>
            <param index="2">
              <value>
                <![CDATA[]]>
              </value>
            </param>
            <param index="3">
              <value>
                <![CDATA[]]>
              </value>
            </param>
            <param index="4">
              <value>
                <![CDATA[]]>
              </value>
            </param>
            <param index="5">
              <value>
                <![CDATA[]]>
              </value>
            </param>
            <param index="6">
              <value>
                <![CDATA[]]>
              </value>
            </param>
            <param index="7">
              <value>
                <![CDATA[]]>
              </value>
            </param>
            <param index="8">
              <value>
                <![CDATA[]]>
              </value>
            </param>
          </params>
          <reporter-output>
          </reporter-output>
        </test-method> <!-- verHistorialRegistrosPolizaColectiva -->
      </class> <!-- pruebas.VerHistorialRegistrosPolizaColectivaTest -->
    </test> <!-- Default test -->
  </suite> <!-- Default suite -->
</testng-results>
